Jan. 24, 2022 7:55:42 PM at.tuwien.ifs.somtoolbox.apps.viewer.controls.multichannelPlayback.LineListModel <init>
FINE: Skipping mixer #0 (null):Line unsupported: interface SourceDataLine supporting format PCM_SIGNED 44100.0 Hz, 16 bit, stereo, 4 bytes/frame, little-endian
Jan. 24, 2022 7:55:42 PM at.tuwien.ifs.somtoolbox.apps.viewer.controls.multichannelPlayback.LineListModel <init>
FINE: Skipping mixer #1 (null):Line unsupported: interface SourceDataLine supporting format PCM_SIGNED 44100.0 Hz, 16 bit, stereo, 4 bytes/frame, little-endian
Jan. 24, 2022 7:55:42 PM at.tuwien.ifs.somtoolbox.apps.viewer.controls.multichannelPlayback.LineListModel <init>
FINE: Skipping mixer #2 (null):Line unsupported: interface SourceDataLine supporting format PCM_SIGNED 44100.0 Hz, 16 bit, stereo, 4 bytes/frame, little-endian
Jan. 24, 2022 7:55:42 PM at.tuwien.ifs.somtoolbox.apps.viewer.controls.multichannelPlayback.LineListModel <init>
FINE: Skipping mixer #3 (null):Line unsupported: interface SourceDataLine supporting format PCM_SIGNED 44100.0 Hz, 16 bit, stereo, 4 bytes/frame, little-endian
Jan. 24, 2022 7:55:42 PM at.tuwien.ifs.somtoolbox.apps.viewer.controls.multichannelPlayback.LineListModel <init>
FINE: Skipping mixer #4 (null):Line unsupported: interface SourceDataLine supporting format PCM_SIGNED 44100.0 Hz, 16 bit, stereo, 4 bytes/frame, little-endian
Jan. 24, 2022 7:55:42 PM at.tuwien.ifs.somtoolbox.apps.viewer.controls.multichannelPlayback.LineListModel <init>
FINE: Skipping mixer #5 (Primärer Soundtreiber):Contains 'Primaerer'
Jan. 24, 2022 7:55:42 PM at.tuwien.ifs.somtoolbox.apps.viewer.controls.multichannelPlayback.LineListModel <init>
FINE: Skipping mixer #9 (ZOWIE XL LCD (NVIDIA High Definition Audio)):Line unsupported: interface SourceDataLine supporting format PCM_SIGNED 44100.0 Hz, 16 bit, stereo, 4 bytes/frame, little-endian
Jan. 24, 2022 7:55:42 PM at.tuwien.ifs.somtoolbox.apps.viewer.controls.multichannelPlayback.LineListModel <init>
FINE: Skipping mixer #10 (ZOWIE XL LCD (NVIDIA High Definition Audio)):Line unsupported: interface SourceDataLine supporting format PCM_SIGNED 44100.0 Hz, 16 bit, stereo, 4 bytes/frame, little-endian
Jan. 24, 2022 7:55:42 PM at.tuwien.ifs.somtoolbox.apps.viewer.controls.multichannelPlayback.LineListModel <init>
FINE: Skipping mixer #11 (ZOWIE XL LCD (NVIDIA High Definition Audio)):Line unsupported: interface SourceDataLine supporting format PCM_SIGNED 44100.0 Hz, 16 bit, stereo, 4 bytes/frame, little-endian
Jan. 24, 2022 7:55:42 PM at.tuwien.ifs.somtoolbox.apps.viewer.controls.MultichannelPlaybackPanel setVisible
FINE: Using directory for decoded files: .\
Jan. 24, 2022 7:55:42 PM at.tuwien.ifs.somtoolbox.apps.viewer.controls.MultichannelPlaybackPanel setVisible
FINE: Decoding probability: 0.5
